app/build/intermediates/manifest_merge_blame_file/debug/manifest-merger-blame-debug-report.txt
1<?xml version="1.0" encoding="utf-8"?>
2<manifest xmlns:android="http://schemas.android.com/apk/res/android"
3    package="com.polinema.android.kotlin.dinaspariwisatav6"
4    android:versionCode="1"
5    android:versionName="1.0" >
6
7    <uses-sdk
8        android:minSdkVersion="27"
8-->src\main\AndroidManifest.xml
9        android:targetSdkVersion="28" />
9-->src\main\AndroidManifest.xml
10    <!-- To access Google+ APIs: -->
11    <uses-permission android:name="android.permission.INTERNET" />
11-->src\main\AndroidManifest.xml:6:5-67
11-->src\main\AndroidManifest.xml:6:22-64
12    <uses-permission android:name="android.permission.WRITE_EXTERNAL_STORAGE" />
12-->src\main\AndroidManifest.xml:7:5-81
12-->src\main\AndroidManifest.xml:7:22-78
13    <uses-permission android:name="android.permission.READ_EXTERNAL_STORAGE" />
13-->src\main\AndroidManifest.xml:8:5-80
13-->src\main\AndroidManifest.xml:8:22-77
14
15    <!-- Although the *SdkVersion is captured in gradle build files, this is required for non gradle builds -->
16    <!-- <uses-sdk android:minSdkVersion="14"/> -->
17    <uses-permission android:name="android.permission.ACCESS_NETWORK_STATE" />
17-->[com.google.firebase:firebase-storage:19.1.1] AndroidManifest.xml:26:5-79
17-->[com.google.firebase:firebase-storage:19.1.1] AndroidManifest.xml:26:22-76
18
19    <application
19-->src\main\AndroidManifest.xml:10:5-33:19
20        android:allowBackup="true"
20-->src\main\AndroidManifest.xml:11:9-35
21        android:appComponentFactory="androidx.core.app.CoreComponentFactory"
21-->[androidx.core:core:1.3.0-alpha02] AndroidManifest.xml:24:18-86
22        android:debuggable="true"
23        android:extractNativeLibs="false"
24        android:icon="@drawable/ic_launcher"
24-->src\main\AndroidManifest.xml:12:9-45
25        android:label="@string/app_name"
25-->src\main\AndroidManifest.xml:13:9-41
26        android:roundIcon="@drawable/ic_launcher_round"
26-->src\main\AndroidManifest.xml:14:9-56
27        android:supportsRtl="true"
27-->src\main\AndroidManifest.xml:15:9-35
28        android:theme="@style/AppTheme"
28-->src\main\AndroidManifest.xml:16:9-40
29        android:usesCleartextTraffic="true" >
29-->src\main\AndroidManifest.xml:17:9-44
30        <activity android:name="com.polinema.android.kotlin.dinaspariwisatav6.Super.SuperFilter" />
30-->src\main\AndroidManifest.xml:18:9-54
30-->src\main\AndroidManifest.xml:18:19-52
31        <activity android:name="com.polinema.android.kotlin.dinaspariwisatav6.Super.SuperChartMain" />
31-->src\main\AndroidManifest.xml:19:9-58
31-->src\main\AndroidManifest.xml:19:19-55
32        <activity android:name="com.polinema.android.kotlin.dinaspariwisatav6.Super.SuperDashboard" />
32-->src\main\AndroidManifest.xml:20:9-58
32-->src\main\AndroidManifest.xml:20:19-55
33        <activity android:name="com.polinema.android.kotlin.dinaspariwisatav6.Super.SuperUser" />
33-->src\main\AndroidManifest.xml:21:9-53
33-->src\main\AndroidManifest.xml:21:19-50
34        <activity android:name="com.polinema.android.kotlin.dinaspariwisatav6.User.UserMain" />
34-->src\main\AndroidManifest.xml:22:9-51
34-->src\main\AndroidManifest.xml:22:19-48
35        <activity android:name="com.polinema.android.kotlin.dinaspariwisatav6.Super.SuperMain" />
35-->src\main\AndroidManifest.xml:23:9-53
35-->src\main\AndroidManifest.xml:23:19-50
36        <activity android:name="com.polinema.android.kotlin.dinaspariwisatav6.Admin.AdminUser" />
36-->src\main\AndroidManifest.xml:24:9-53
36-->src\main\AndroidManifest.xml:24:19-50
37        <activity android:name="com.polinema.android.kotlin.dinaspariwisatav6.Admin.AdminMain" />
37-->src\main\AndroidManifest.xml:25:9-53
37-->src\main\AndroidManifest.xml:25:19-50
38        <activity android:name="com.polinema.android.kotlin.dinaspariwisatav6.MainActivity" >
38-->src\main\AndroidManifest.xml:26:9-32:20
38-->src\main\AndroidManifest.xml:26:19-47
39            <intent-filter>
39-->src\main\AndroidManifest.xml:27:13-31:29
40                <action android:name="android.intent.action.MAIN" />
40-->src\main\AndroidManifest.xml:28:17-69
40-->src\main\AndroidManifest.xml:28:25-66
41
42                <category android:name="android.intent.category.LAUNCHER" />
42-->src\main\AndroidManifest.xml:30:17-77
42-->src\main\AndroidManifest.xml:30:27-74
43            </intent-filter>
44        </activity>
45        <activity
45-->[com.google.firebase:firebase-auth:19.3.0] AndroidManifest.xml:24:9-31:50
46            android:name="com.google.firebase.auth.internal.FederatedSignInActivity"
46-->[com.google.firebase:firebase-auth:19.3.0] AndroidManifest.xml:25:13-85
47            android:excludeFromRecents="true"
47-->[com.google.firebase:firebase-auth:19.3.0] AndroidManifest.xml:26:13-46
48            android:exported="true"
48-->[com.google.firebase:firebase-auth:19.3.0] AndroidManifest.xml:27:13-36
49            android:launchMode="singleTask"
49-->[com.google.firebase:firebase-auth:19.3.0] AndroidManifest.xml:28:13-44
50            android:permission="com.google.firebase.auth.api.gms.permission.LAUNCH_FEDERATED_SIGN_IN"
50-->[com.google.firebase:firebase-auth:19.3.0] AndroidManifest.xml:29:13-102
51            android:theme="@android:style/Theme.Translucent.NoTitleBar" />
51-->[com.google.firebase:firebase-auth:19.3.0] AndroidManifest.xml:30:13-72
52
53        <service
53-->[com.google.firebase:firebase-auth:19.3.0] AndroidManifest.xml:33:9-39:19
54            android:name="com.google.firebase.components.ComponentDiscoveryService"
54-->[com.google.firebase:firebase-auth:19.3.0] AndroidManifest.xml:34:13-84
55            android:directBootAware="true"
55-->[com.google.firebase:firebase-common:19.3.0] AndroidManifest.xml:34:13-43
56            android:exported="false" >
56-->[com.google.firebase:firebase-auth:19.3.0] AndroidManifest.xml:35:13-37
57            <meta-data
57-->[com.google.firebase:firebase-auth:19.3.0] AndroidManifest.xml:36:13-38:85
58                android:name="com.google.firebase.components:com.google.firebase.auth.FirebaseAuthRegistrar"
58-->[com.google.firebase:firebase-auth:19.3.0] AndroidManifest.xml:37:17-109
59                android:value="com.google.firebase.components.ComponentRegistrar" />
59-->[com.google.firebase:firebase-auth:19.3.0] AndroidManifest.xml:38:17-82
60            <meta-data
60-->[com.google.firebase:firebase-storage:19.1.1] AndroidManifest.xml:33:13-35:85
61                android:name="com.google.firebase.components:com.google.firebase.storage.StorageRegistrar"
61-->[com.google.firebase:firebase-storage:19.1.1] AndroidManifest.xml:34:17-107
62                android:value="com.google.firebase.components.ComponentRegistrar" />
62-->[com.google.firebase:firebase-storage:19.1.1] AndroidManifest.xml:35:17-82
63            <meta-data
63-->[com.google.firebase:firebase-firestore:21.4.1] AndroidManifest.xml:20:13-22:85
64                android:name="com.google.firebase.components:com.google.firebase.firestore.FirestoreRegistrar"
64-->[com.google.firebase:firebase-firestore:21.4.1] AndroidManifest.xml:21:17-111
65                android:value="com.google.firebase.components.ComponentRegistrar" />
65-->[com.google.firebase:firebase-firestore:21.4.1] AndroidManifest.xml:22:17-82
66        </service>
67
68        <provider
68-->[com.squareup.picasso:picasso:2.71828] AndroidManifest.xml:8:9-11:40
69            android:name="com.squareup.picasso.PicassoProvider"
69-->[com.squareup.picasso:picasso:2.71828] AndroidManifest.xml:9:13-64
70            android:authorities="com.polinema.android.kotlin.dinaspariwisatav6.com.squareup.picasso"
70-->[com.squareup.picasso:picasso:2.71828] AndroidManifest.xml:10:13-72
71            android:exported="false" />
71-->[com.squareup.picasso:picasso:2.71828] AndroidManifest.xml:11:13-37
72
73        <activity
73-->[com.google.android.gms:play-services-base:17.1.0] AndroidManifest.xml:23:9-26:75
74            android:name="com.google.android.gms.common.api.GoogleApiActivity"
74-->[com.google.android.gms:play-services-base:17.1.0] AndroidManifest.xml:24:13-79
75            android:exported="false"
75-->[com.google.android.gms:play-services-base:17.1.0] AndroidManifest.xml:25:13-37
76            android:theme="@android:style/Theme.Translucent.NoTitleBar" />
76-->[com.google.android.gms:play-services-base:17.1.0] AndroidManifest.xml:26:13-72
77
78        <provider
78-->[com.google.firebase:firebase-common:19.3.0] AndroidManifest.xml:26:9-30:39
79            android:name="com.google.firebase.provider.FirebaseInitProvider"
79-->[com.google.firebase:firebase-common:19.3.0] AndroidManifest.xml:27:13-77
80            android:authorities="com.polinema.android.kotlin.dinaspariwisatav6.firebaseinitprovider"
80-->[com.google.firebase:firebase-common:19.3.0] AndroidManifest.xml:28:13-72
81            android:exported="false"
81-->[com.google.firebase:firebase-common:19.3.0] AndroidManifest.xml:29:13-37
82            android:initOrder="100" />
82-->[com.google.firebase:firebase-common:19.3.0] AndroidManifest.xml:30:13-36
83
84        <meta-data
84-->[com.google.android.gms:play-services-basement:17.0.0] AndroidManifest.xml:23:9-25:69
85            android:name="com.google.android.gms.version"
85-->[com.google.android.gms:play-services-basement:17.0.0] AndroidManifest.xml:24:13-58
86            android:value="@integer/google_play_services_version" />
86-->[com.google.android.gms:play-services-basement:17.0.0] AndroidManifest.xml:25:13-66
87    </application>
88
89</manifest>